[04-Mar-2025 01:46:16 UTC] Registrando endpoint configs
[04-Mar-2025 01:46:22 UTC] Registrando endpoint configs
[04-Mar-2025 01:48:37 UTC] PHP Warning:  Undefined array key "whatsapp_url" in /var/www/html/wp-content/themes/trinitykitwp/endpoints/api-configs.php on line 35
[04-Mar-2025 01:48:37 UTC] PHP Warning:  Undefined array key "google_analytics_id" in /var/www/html/wp-content/themes/trinitykitwp/endpoints/api-configs.php on line 36
[04-Mar-2025 01:49:23 UTC] PHP Warning:  Undefined array key "whatsapp_url" in /var/www/html/wp-content/themes/trinitykitwp/endpoints/api-configs.php on line 35
[04-Mar-2025 01:49:23 UTC] PHP Warning:  Undefined array key "google_analytics_id" in /var/www/html/wp-content/themes/trinitykitwp/endpoints/api-configs.php on line 36
[04-Mar-2025 01:49:59 UTC] PHP Fatal error:  Uncaught Error: Cannot use object of type WP_Error as array in /var/www/html/wp-content/themes/trinitykitwp/endpoints/api-configs.php:28
Stack trace:
#0 /var/www/html/wp-includes/rest-api/class-wp-rest-server.php(1292): trinitykitcms_get_page_configs(Object(WP_REST_Request))
#1 /var/www/html/wp-includes/rest-api/class-wp-rest-server.php(1125): WP_REST_Server->respond_to_request(Object(WP_REST_Request), '/trinitykitcms-...', Array, NULL)
#2 /var/www/html/wp-includes/rest-api/class-wp-rest-server.php(439): WP_REST_Server->dispatch(Object(WP_REST_Request))
#3 /var/www/html/wp-includes/rest-api.php(449): WP_REST_Server->serve_request('/trinitykitcms-...')
#4 /var/www/html/wp-includes/class-wp-hook.php(324): rest_api_loaded(Object(WP))
#5 /var/www/html/wp-includes/class-wp-hook.php(348): WP_Hook->apply_filters('', Array)
#6 /var/www/html/wp-includes/plugin.php(565): WP_Hook->do_action(Array)
#7 /var/www/html/wp-includes/class-wp.php(418): do_action_ref_array('parse_request', Array)
#8 /var/www/html/wp-includes/class-wp.php(813): WP->parse_request('')
#9 /var/www/html/wp-includes/functions.php(1336): WP->main('')
#10 /var/www/html/wp-blog-header.php(16): wp()
#11 /var/www/html/index.php(17): require('/var/www/html/w...')
#12 {main}
  thrown in /var/www/html/wp-content/themes/trinitykitwp/endpoints/api-configs.php on line 28
[04-Mar-2025 01:51:03 UTC] PHP Fatal error:  Uncaught Error: Cannot use object of type WP_Error as array in /var/www/html/wp-content/themes/trinitykitwp/endpoints/api-configs.php:28
Stack trace:
#0 /var/www/html/wp-includes/rest-api/class-wp-rest-server.php(1292): trinitykitcms_get_page_configs(Object(WP_REST_Request))
#1 /var/www/html/wp-includes/rest-api/class-wp-rest-server.php(1125): WP_REST_Server->respond_to_request(Object(WP_REST_Request), '/trinitykitcms-...', Array, NULL)
#2 /var/www/html/wp-includes/rest-api/class-wp-rest-server.php(439): WP_REST_Server->dispatch(Object(WP_REST_Request))
#3 /var/www/html/wp-includes/rest-api.php(449): WP_REST_Server->serve_request('/trinitykitcms-...')
#4 /var/www/html/wp-includes/class-wp-hook.php(324): rest_api_loaded(Object(WP))
#5 /var/www/html/wp-includes/class-wp-hook.php(348): WP_Hook->apply_filters('', Array)
#6 /var/www/html/wp-includes/plugin.php(565): WP_Hook->do_action(Array)
#7 /var/www/html/wp-includes/class-wp.php(418): do_action_ref_array('parse_request', Array)
#8 /var/www/html/wp-includes/class-wp.php(813): WP->parse_request('')
#9 /var/www/html/wp-includes/functions.php(1336): WP->main('')
#10 /var/www/html/wp-blog-header.php(16): wp()
#11 /var/www/html/index.php(17): require('/var/www/html/w...')
#12 {main}
  thrown in /var/www/html/wp-content/themes/trinitykitwp/endpoints/api-configs.php on line 28
[04-Mar-2025 01:51:04 UTC] PHP Fatal error:  Uncaught Error: Cannot use object of type WP_Error as array in /var/www/html/wp-content/themes/trinitykitwp/endpoints/api-configs.php:28
Stack trace:
#0 /var/www/html/wp-includes/rest-api/class-wp-rest-server.php(1292): trinitykitcms_get_page_configs(Object(WP_REST_Request))
#1 /var/www/html/wp-includes/rest-api/class-wp-rest-server.php(1125): WP_REST_Server->respond_to_request(Object(WP_REST_Request), '/trinitykitcms-...', Array, NULL)
#2 /var/www/html/wp-includes/rest-api/class-wp-rest-server.php(439): WP_REST_Server->dispatch(Object(WP_REST_Request))
#3 /var/www/html/wp-includes/rest-api.php(449): WP_REST_Server->serve_request('/trinitykitcms-...')
#4 /var/www/html/wp-includes/class-wp-hook.php(324): rest_api_loaded(Object(WP))
#5 /var/www/html/wp-includes/class-wp-hook.php(348): WP_Hook->apply_filters('', Array)
#6 /var/www/html/wp-includes/plugin.php(565): WP_Hook->do_action(Array)
#7 /var/www/html/wp-includes/class-wp.php(418): do_action_ref_array('parse_request', Array)
#8 /var/www/html/wp-includes/class-wp.php(813): WP->parse_request('')
#9 /var/www/html/wp-includes/functions.php(1336): WP->main('')
#10 /var/www/html/wp-blog-header.php(16): wp()
#11 /var/www/html/index.php(17): require('/var/www/html/w...')
#12 {main}
  thrown in /var/www/html/wp-content/themes/trinitykitwp/endpoints/api-configs.php on line 28
[04-Mar-2025 01:51:38 UTC] PHP Fatal error:  Uncaught Error: Call to undefined function trinitykitcms_get_settings() in /var/www/html/wp-content/themes/trinitykitwp/includes/configs.php:59
Stack trace:
#0 /var/www/html/wp-includes/class-wp-hook.php(324): trinitykitcms_render_admin_page('')
#1 /var/www/html/wp-includes/class-wp-hook.php(348): WP_Hook->apply_filters('', Array)
#2 /var/www/html/wp-includes/plugin.php(517): WP_Hook->do_action(Array)
#3 /var/www/html/wp-admin/admin.php(259): do_action('toplevel_page_t...')
#4 {main}
  thrown in /var/www/html/wp-content/themes/trinitykitwp/includes/configs.php on line 59
[04-Mar-2025 01:53:34 UTC] PHP Fatal error:  Uncaught Error: Call to undefined function trinitykitcms_get_settings() in /var/www/html/wp-content/themes/trinitykitwp/endpoints/api-configs.php:22
Stack trace:
#0 /var/www/html/wp-includes/rest-api/class-wp-rest-server.php(1292): trinitykitcms_get_page_configs(Object(WP_REST_Request))
#1 /var/www/html/wp-includes/rest-api/class-wp-rest-server.php(1125): WP_REST_Server->respond_to_request(Object(WP_REST_Request), '/trinitykitcms-...', Array, NULL)
#2 /var/www/html/wp-includes/rest-api/class-wp-rest-server.php(439): WP_REST_Server->dispatch(Object(WP_REST_Request))
#3 /var/www/html/wp-includes/rest-api.php(449): WP_REST_Server->serve_request('/trinitykitcms-...')
#4 /var/www/html/wp-includes/class-wp-hook.php(324): rest_api_loaded(Object(WP))
#5 /var/www/html/wp-includes/class-wp-hook.php(348): WP_Hook->apply_filters('', Array)
#6 /var/www/html/wp-includes/plugin.php(565): WP_Hook->do_action(Array)
#7 /var/www/html/wp-includes/class-wp.php(418): do_action_ref_array('parse_request', Array)
#8 /var/www/html/wp-includes/class-wp.php(813): WP->parse_request('')
#9 /var/www/html/wp-includes/functions.php(1336): WP->main('')
#10 /var/www/html/wp-blog-header.php(16): wp()
#11 /var/www/html/index.php(17): require('/var/www/html/w...')
#12 {main}
  thrown in /var/www/html/wp-content/themes/trinitykitwp/endpoints/api-configs.php on line 22
